time="2025-02-12T14:30:24+03:00" level=warning msg="/home/igor/work/docker-runner/info/templates/2/full/docker-compose.yml: the attribute `version` is obsolete, it will be ignored, please remove it to avoid potential confusion"
#0 building with "default" instance using docker driver

#1 [app internal] load build definition from dockerfile
#1 transferring dockerfile: 595B done
#1 DONE 0.0s

#2 [app internal] load metadata for docker.io/library/node:18-alpine
#2 DONE 0.6s

#3 [app internal] load .dockerignore
#3 transferring context: 2B done
#3 DONE 0.0s

#4 [app 1/5] FROM docker.io/library/node:18-alpine@sha256:974afb6cbc0314dc6502b14243b8a39fbb2d04d975e9059dd066be3e274fbb25
#4 DONE 0.0s

#5 [app internal] load build context
#5 transferring context: 3.01MB 1.3s done
#5 DONE 1.4s

#6 [app 2/5] WORKDIR /app
#6 CACHED

#7 [app 3/5] COPY package*.json ./
#7 CACHED

#8 [app 4/5] RUN npm install
#8 CACHED

#9 [app 5/5] COPY . .
#9 DONE 6.9s

#10 [app] exporting to image
#10 exporting layers
#10 exporting layers 3.6s done
#10 writing image sha256:327f4ea168b1cd17b633236ed31fb5902b6ac3ecf43a9e0985647a9b361eb449 done
#10 naming to docker.io/library/node-app-4005-app done
#10 DONE 3.6s

#11 [app] resolving provenance for metadata file
#11 DONE 0.0s
 app  Built
 Network node-app-4005_default  Creating
 Network node-app-4005_default  Created
 Container node-app-4005-app-1  Creating
 Container node-app-4005-app-1  Created
 Container node-app-4005-app-1  Starting
 Container node-app-4005-app-1  Started
